2022-11-14 03:38:51,297 INFO HadoopSort: Starting timer
2022-11-14 03:38:52,141 INFO client.RMProxy: Connecting to ResourceManager at /10.173.144.151:8032
2022-11-14 03:38:52,496 WARN mapreduce.JobResourceUploader: Hadoop command-line option parsing not performed. Implement the Tool interface and execute your application with ToolRunner to remedy this.
2022-11-14 03:38:52,612 INFO mapreduce.JobResourceUploader: Disabling Erasure Coding for path: /tmp/hadoop-yarn/staging/root/.staging/job_1668307362212_0024
2022-11-14 03:38:52,868 INFO sasl.SaslDataTransferClient: SASL encryption trust check: localHostTrusted = false, remoteHostTrusted = false
2022-11-14 03:38:53,151 INFO input.FileInputFormat: Total input files to process : 1
2022-11-14 03:38:53,371 INFO sasl.SaslDataTransferClient: SASL encryption trust check: localHostTrusted = false, remoteHostTrusted = false
2022-11-14 03:38:54,030 INFO sasl.SaslDataTransferClient: SASL encryption trust check: localHostTrusted = false, remoteHostTrusted = false
2022-11-14 03:38:54,079 INFO mapreduce.JobSubmitter: number of splits:358
2022-11-14 03:38:54,364 INFO sasl.SaslDataTransferClient: SASL encryption trust check: localHostTrusted = false, remoteHostTrusted = false
2022-11-14 03:38:54,413 INFO mapreduce.JobSubmitter: Submitting tokens for job: job_1668307362212_0024
2022-11-14 03:38:54,413 INFO mapreduce.JobSubmitter: Executing with tokens: []
2022-11-14 03:38:54,631 INFO conf.Configuration: resource-types.xml not found
2022-11-14 03:38:54,632 INFO resource.ResourceUtils: Unable to find 'resource-types.xml'.
2022-11-14 03:38:54,732 INFO impl.YarnClientImpl: Submitted application application_1668307362212_0024
2022-11-14 03:38:54,770 INFO mapreduce.Job: The url to track the job: http://namenode.lxd:8088/proxy/application_1668307362212_0024/
2022-11-14 03:38:54,771 INFO mapreduce.Job: Running job: job_1668307362212_0024
2022-11-14 03:39:00,887 INFO mapreduce.Job: Job job_1668307362212_0024 running in uber mode : false
2022-11-14 03:39:00,889 INFO mapreduce.Job:  map 0% reduce 0%
2022-11-14 03:39:21,117 INFO mapreduce.Job:  map 1% reduce 0%
2022-11-14 03:39:23,140 INFO mapreduce.Job:  map 2% reduce 0%
2022-11-14 03:39:38,251 INFO mapreduce.Job:  map 3% reduce 0%
2022-11-14 03:39:41,269 INFO mapreduce.Job:  map 4% reduce 0%
2022-11-14 03:39:57,363 INFO mapreduce.Job:  map 5% reduce 0%
2022-11-14 03:40:08,448 INFO mapreduce.Job:  map 6% reduce 0%
2022-11-14 03:40:13,476 INFO mapreduce.Job:  map 7% reduce 0%
2022-11-14 03:40:32,602 INFO mapreduce.Job:  map 8% reduce 0%
2022-11-14 03:40:35,621 INFO mapreduce.Job:  map 9% reduce 0%
2022-11-14 03:40:42,672 INFO mapreduce.Job:  map 10% reduce 0%
2022-11-14 03:40:53,731 INFO mapreduce.Job:  map 10% reduce 2%
2022-11-14 03:41:25,901 INFO mapreduce.Job:  map 11% reduce 3%
2022-11-14 03:42:08,101 INFO mapreduce.Job:  map 12% reduce 4%
2022-11-14 03:42:17,161 INFO mapreduce.Job:  map 13% reduce 4%
2022-11-14 03:42:31,217 INFO mapreduce.Job:  map 14% reduce 4%
2022-11-14 03:42:38,244 INFO mapreduce.Job:  map 14% reduce 5%
2022-11-14 03:42:43,264 INFO mapreduce.Job:  map 15% reduce 5%
2022-11-14 03:43:07,363 INFO mapreduce.Job:  map 16% reduce 5%
2022-11-14 03:43:17,397 INFO mapreduce.Job:  map 17% reduce 5%
2022-11-14 03:43:25,422 INFO mapreduce.Job:  map 18% reduce 5%
2022-11-14 03:43:26,425 INFO mapreduce.Job:  map 18% reduce 6%
2022-11-14 03:43:42,500 INFO mapreduce.Job:  map 19% reduce 6%
2022-11-14 03:44:02,569 INFO mapreduce.Job:  map 20% reduce 6%
2022-11-14 03:44:14,613 INFO mapreduce.Job:  map 20% reduce 7%
2022-11-14 03:44:17,623 INFO mapreduce.Job:  map 21% reduce 7%
2022-11-14 03:44:37,695 INFO mapreduce.Job:  map 22% reduce 7%
2022-11-14 03:44:43,715 INFO mapreduce.Job:  map 23% reduce 7%
2022-11-14 03:45:07,790 INFO mapreduce.Job:  map 24% reduce 7%
2022-11-14 03:45:08,798 INFO mapreduce.Job:  map 24% reduce 8%
2022-11-14 03:45:11,807 INFO mapreduce.Job:  map 25% reduce 8%
2022-11-14 03:45:34,885 INFO mapreduce.Job:  map 26% reduce 8%
2022-11-14 03:45:38,910 INFO mapreduce.Job:  map 26% reduce 9%
2022-11-14 03:45:40,916 INFO mapreduce.Job:  map 27% reduce 9%
2022-11-14 03:46:05,011 INFO mapreduce.Job:  map 28% reduce 9%
2022-11-14 03:46:24,075 INFO mapreduce.Job:  map 29% reduce 9%
2022-11-14 03:46:39,117 INFO mapreduce.Job:  map 30% reduce 9%
2022-11-14 03:46:45,133 INFO mapreduce.Job:  map 30% reduce 10%
2022-11-14 03:46:56,168 INFO mapreduce.Job:  map 31% reduce 10%
2022-11-14 03:47:04,190 INFO mapreduce.Job:  map 32% reduce 10%
2022-11-14 03:47:15,431 INFO mapreduce.Job:  map 32% reduce 11%
2022-11-14 03:47:19,452 INFO mapreduce.Job:  map 33% reduce 11%
2022-11-14 03:47:36,499 INFO mapreduce.Job:  map 34% reduce 11%
2022-11-14 03:48:11,598 INFO mapreduce.Job:  map 35% reduce 11%
2022-11-14 03:48:27,647 INFO mapreduce.Job:  map 35% reduce 12%
2022-11-14 03:48:37,676 INFO mapreduce.Job:  map 36% reduce 12%
2022-11-14 03:48:54,728 INFO mapreduce.Job:  map 37% reduce 12%
2022-11-14 03:49:00,750 INFO mapreduce.Job:  map 38% reduce 12%
2022-11-14 03:49:09,785 INFO mapreduce.Job:  map 38% reduce 13%
2022-11-14 03:49:13,795 INFO mapreduce.Job:  map 39% reduce 13%
2022-11-14 03:49:24,827 INFO mapreduce.Job:  map 40% reduce 13%
2022-11-14 03:49:35,875 INFO mapreduce.Job:  map 41% reduce 13%
2022-11-14 03:49:45,904 INFO mapreduce.Job:  map 41% reduce 14%
2022-11-14 03:49:49,913 INFO mapreduce.Job:  map 42% reduce 14%
2022-11-14 03:50:05,959 INFO mapreduce.Job:  map 43% reduce 14%
2022-11-14 03:50:11,973 INFO mapreduce.Job:  map 44% reduce 14%
2022-11-14 03:50:27,014 INFO mapreduce.Job:  map 45% reduce 14%
2022-11-14 03:50:28,019 INFO mapreduce.Job:  map 45% reduce 15%
2022-11-14 03:50:40,054 INFO mapreduce.Job:  map 46% reduce 15%
2022-11-14 03:50:59,109 INFO mapreduce.Job:  map 47% reduce 15%
2022-11-14 03:51:12,144 INFO mapreduce.Job:  map 48% reduce 15%
2022-11-14 03:51:16,153 INFO mapreduce.Job:  map 48% reduce 16%
2022-11-14 03:51:26,181 INFO mapreduce.Job:  map 49% reduce 16%
2022-11-14 03:51:40,217 INFO mapreduce.Job:  map 50% reduce 16%
2022-11-14 03:51:58,279 INFO mapreduce.Job:  map 51% reduce 16%
2022-11-14 03:52:01,299 INFO mapreduce.Job:  map 52% reduce 16%
2022-11-14 03:52:04,305 INFO mapreduce.Job:  map 52% reduce 17%
2022-11-14 03:52:25,360 INFO mapreduce.Job:  map 53% reduce 17%
2022-11-14 03:52:42,410 INFO mapreduce.Job:  map 54% reduce 17%
2022-11-14 03:52:45,417 INFO mapreduce.Job:  map 54% reduce 18%
2022-11-14 03:52:56,445 INFO mapreduce.Job:  map 55% reduce 18%
2022-11-14 03:53:23,519 INFO mapreduce.Job:  map 56% reduce 18%
2022-11-14 03:53:37,573 INFO mapreduce.Job:  map 57% reduce 18%
2022-11-14 03:53:43,599 INFO mapreduce.Job:  map 58% reduce 18%
2022-11-14 03:53:45,604 INFO mapreduce.Job:  map 58% reduce 19%
2022-11-14 03:54:03,657 INFO mapreduce.Job:  map 59% reduce 19%
2022-11-14 03:54:26,722 INFO mapreduce.Job:  map 60% reduce 19%
2022-11-14 03:54:35,746 INFO mapreduce.Job:  map 61% reduce 19%
2022-11-14 03:54:39,754 INFO mapreduce.Job:  map 62% reduce 19%
2022-11-14 03:54:40,757 INFO mapreduce.Job:  map 62% reduce 20%
2022-11-14 03:54:46,782 INFO mapreduce.Job:  map 62% reduce 21%
2022-11-14 03:55:02,822 INFO mapreduce.Job:  map 63% reduce 21%
2022-11-14 03:55:19,907 INFO mapreduce.Job:  map 64% reduce 21%
2022-11-14 03:55:33,958 INFO mapreduce.Job:  map 65% reduce 21%
2022-11-14 03:55:40,972 INFO mapreduce.Job:  map 65% reduce 22%
2022-11-14 03:55:48,990 INFO mapreduce.Job:  map 66% reduce 22%
2022-11-14 03:56:07,033 INFO mapreduce.Job:  map 67% reduce 22%
2022-11-14 03:56:12,044 INFO mapreduce.Job:  map 68% reduce 22%
2022-11-14 03:56:30,094 INFO mapreduce.Job:  map 69% reduce 22%
2022-11-14 03:56:34,102 INFO mapreduce.Job:  map 69% reduce 23%
2022-11-14 03:56:45,128 INFO mapreduce.Job:  map 70% reduce 23%
2022-11-14 03:57:12,199 INFO mapreduce.Job:  map 71% reduce 23%
2022-11-14 03:57:18,213 INFO mapreduce.Job:  map 72% reduce 23%
2022-11-14 03:57:22,224 INFO mapreduce.Job:  map 72% reduce 24%
2022-11-14 03:57:25,231 INFO mapreduce.Job:  map 73% reduce 24%
2022-11-14 03:57:37,264 INFO mapreduce.Job:  map 74% reduce 24%
2022-11-14 03:57:46,286 INFO mapreduce.Job:  map 74% reduce 25%
2022-11-14 03:57:53,303 INFO mapreduce.Job:  map 75% reduce 25%
2022-11-14 03:58:07,337 INFO mapreduce.Job:  map 76% reduce 25%
2022-11-14 03:58:28,392 INFO mapreduce.Job:  map 77% reduce 25%
2022-11-14 03:58:34,405 INFO mapreduce.Job:  map 77% reduce 26%
2022-11-14 03:58:43,427 INFO mapreduce.Job:  map 78% reduce 26%
2022-11-14 03:58:52,447 INFO mapreduce.Job:  map 79% reduce 26%
2022-11-14 03:59:16,504 INFO mapreduce.Job:  map 80% reduce 26%
2022-11-14 03:59:21,515 INFO mapreduce.Job:  map 81% reduce 26%
2022-11-14 03:59:22,517 INFO mapreduce.Job:  map 81% reduce 27%
2022-11-14 03:59:39,555 INFO mapreduce.Job:  map 82% reduce 27%
2022-11-14 03:59:49,587 INFO mapreduce.Job:  map 83% reduce 27%
2022-11-14 04:00:12,645 INFO mapreduce.Job:  map 84% reduce 27%
2022-11-14 04:00:23,671 INFO mapreduce.Job:  map 84% reduce 28%
2022-11-14 04:00:28,682 INFO mapreduce.Job:  map 85% reduce 28%
2022-11-14 04:00:36,704 INFO mapreduce.Job:  map 86% reduce 28%
2022-11-14 04:00:53,740 INFO mapreduce.Job:  map 86% reduce 29%
2022-11-14 04:00:54,743 INFO mapreduce.Job:  map 87% reduce 29%
2022-11-14 04:01:13,803 INFO mapreduce.Job:  map 88% reduce 29%
2022-11-14 04:01:24,829 INFO mapreduce.Job:  map 89% reduce 29%
2022-11-14 04:01:35,851 INFO mapreduce.Job:  map 90% reduce 30%
2022-11-14 04:01:52,893 INFO mapreduce.Job:  map 91% reduce 30%
2022-11-14 04:02:07,950 INFO mapreduce.Job:  map 92% reduce 30%
2022-11-14 04:02:24,987 INFO mapreduce.Job:  map 93% reduce 30%
2022-11-14 04:02:29,997 INFO mapreduce.Job:  map 93% reduce 31%
2022-11-14 04:02:42,024 INFO mapreduce.Job:  map 94% reduce 31%
2022-11-14 04:02:55,052 INFO mapreduce.Job:  map 95% reduce 31%
2022-11-14 04:03:04,071 INFO mapreduce.Job:  map 96% reduce 31%
2022-11-14 04:03:05,074 INFO mapreduce.Job:  map 96% reduce 32%
2022-11-14 04:03:28,125 INFO mapreduce.Job:  map 97% reduce 32%
2022-11-14 04:03:40,176 INFO mapreduce.Job:  map 98% reduce 32%
2022-11-14 04:03:51,207 INFO mapreduce.Job:  map 99% reduce 32%
2022-11-14 04:03:53,218 INFO mapreduce.Job:  map 99% reduce 33%
2022-11-14 04:04:03,242 INFO mapreduce.Job:  map 100% reduce 33%
2022-11-14 04:07:36,716 INFO mapreduce.Job:  map 100% reduce 39%
2022-11-14 04:07:42,730 INFO mapreduce.Job:  map 100% reduce 49%
2022-11-14 04:08:12,801 INFO mapreduce.Job:  map 100% reduce 50%
2022-11-14 04:08:36,860 INFO mapreduce.Job:  map 100% reduce 67%
2022-11-14 04:09:00,974 INFO mapreduce.Job:  map 100% reduce 68%
2022-11-14 04:09:13,003 INFO mapreduce.Job:  map 100% reduce 69%
2022-11-14 04:09:25,041 INFO mapreduce.Job:  map 100% reduce 70%
2022-11-14 04:09:55,107 INFO mapreduce.Job:  map 100% reduce 71%
2022-11-14 04:10:25,210 INFO mapreduce.Job:  map 100% reduce 72%
2022-11-14 04:10:49,263 INFO mapreduce.Job:  map 100% reduce 73%
2022-11-14 04:11:07,310 INFO mapreduce.Job:  map 100% reduce 74%
2022-11-14 04:11:31,367 INFO mapreduce.Job:  map 100% reduce 75%
2022-11-14 04:11:49,407 INFO mapreduce.Job:  map 100% reduce 76%
2022-11-14 04:12:13,462 INFO mapreduce.Job:  map 100% reduce 77%
2022-11-14 04:12:31,502 INFO mapreduce.Job:  map 100% reduce 78%
2022-11-14 04:12:55,558 INFO mapreduce.Job:  map 100% reduce 79%
2022-11-14 04:13:19,616 INFO mapreduce.Job:  map 100% reduce 80%
2022-11-14 04:13:37,659 INFO mapreduce.Job:  map 100% reduce 81%
2022-11-14 04:14:01,716 INFO mapreduce.Job:  map 100% reduce 82%
2022-11-14 04:14:32,789 INFO mapreduce.Job:  map 100% reduce 83%
2022-11-14 04:14:56,845 INFO mapreduce.Job:  map 100% reduce 84%
2022-11-14 04:15:20,904 INFO mapreduce.Job:  map 100% reduce 85%
2022-11-14 04:15:44,963 INFO mapreduce.Job:  map 100% reduce 86%
2022-11-14 04:16:15,032 INFO mapreduce.Job:  map 100% reduce 87%
2022-11-14 04:16:39,184 INFO mapreduce.Job:  map 100% reduce 88%
2022-11-14 04:17:03,238 INFO mapreduce.Job:  map 100% reduce 89%
2022-11-14 04:17:27,291 INFO mapreduce.Job:  map 100% reduce 90%
2022-11-14 04:17:57,360 INFO mapreduce.Job:  map 100% reduce 91%
2022-11-14 04:18:27,428 INFO mapreduce.Job:  map 100% reduce 92%
2022-11-14 04:18:57,496 INFO mapreduce.Job:  map 100% reduce 93%
2022-11-14 04:19:27,563 INFO mapreduce.Job:  map 100% reduce 94%
2022-11-14 04:19:51,615 INFO mapreduce.Job:  map 100% reduce 95%
2022-11-14 04:20:22,682 INFO mapreduce.Job:  map 100% reduce 96%
2022-11-14 04:20:52,749 INFO mapreduce.Job:  map 100% reduce 97%
2022-11-14 04:21:16,801 INFO mapreduce.Job:  map 100% reduce 98%
2022-11-14 04:21:52,886 INFO mapreduce.Job:  map 100% reduce 99%
2022-11-14 04:22:22,954 INFO mapreduce.Job:  map 100% reduce 100%
2022-11-14 04:22:43,001 INFO mapreduce.Job: Job job_1668307362212_0024 completed successfully
2022-11-14 04:22:43,129 INFO mapreduce.Job: Counters: 56
	File System Counters
		FILE: Number of bytes read=47068843584
		FILE: Number of bytes written=71629983155
		FILE: Number of read operations=0
		FILE: Number of large read operations=0
		FILE: Number of write operations=0
		HDFS: Number of bytes read=24046833158
		HDFS: Number of bytes written=24000000000
		HDFS: Number of read operations=1079
		HDFS: Number of large read operations=0
		HDFS: Number of write operations=2
		HDFS: Number of bytes read erasure-coded=0
	Job Counters 
		Killed map tasks=2
		Launched map tasks=360
		Launched reduce tasks=1
		Data-local map tasks=175
		Rack-local map tasks=185
		Total time spent by all maps in occupied slots (ms)=17948723
		Total time spent by all reduces in occupied slots (ms)=2514793
		Total time spent by all map tasks (ms)=17948723
		Total time spent by all reduce tasks (ms)=2514793
		Total vcore-milliseconds taken by all map tasks=17948723
		Total vcore-milliseconds taken by all reduce tasks=2514793
		Total megabyte-milliseconds taken by all map tasks=18379492352
		Total megabyte-milliseconds taken by all reduce tasks=2575148032
	Map-Reduce Framework
		Map input records=240000000
		Map output records=240000000
		Map output bytes=24000000000
		Map output materialized bytes=24480002148
		Input split bytes=40454
		Combine input records=240000000
		Combine output records=240000000
		Reduce input groups=240000000
		Reduce shuffle bytes=24480002148
		Reduce input records=240000000
		Reduce output records=240000000
		Spilled Records=701459247
		Shuffled Maps =358
		Failed Shuffles=0
		Merged Map outputs=358
		GC time elapsed (ms)=73874
		CPU time spent (ms)=3013130
		Physical memory (bytes) snapshot=187753676800
		Virtual memory (bytes) snapshot=924904722432
		Total committed heap usage (bytes)=202241998848
		Peak Map Physical memory (bytes)=616341504
		Peak Map Virtual memory (bytes)=2609483776
		Peak Reduce Physical memory (bytes)=1017446400
		Peak Reduce Virtual memory (bytes)=2614706176
	Shuffle Errors
		BAD_ID=0
		CONNECTION=0
		IO_ERROR=0
		WRONG_LENGTH=0
		WRONG_MAP=0
		WRONG_REDUCE=0
	File Input Format Counters 
		Bytes Read=24046792704
	File Output Format Counters 
		Bytes Written=24000000000
2022-11-14 04:22:43,132 INFO HadoopSort: Time elapsed in ms : 

2022-11-14 04:22:43,132 INFO HadoopSort: 2631834
2022-11-14 04:22:43,132 WARN HadoopSort: ===============================================================================

